serving images at :8080
cpu: 4, goroutines: 2, mem: 0.28 mb, mallocs: 1050
cpu: 4, goroutines: 5, mem: 8.51 mb, mallocs: 111272
cpu: 0.79% [cores: 0.75%, 0.58%, 0.99%, 0.83%]
mem: 10.93%
/camera   7.510068ms 2025-03-16T04:25:27 map[camera:[gf7]]
/images    236.026µs 2025-03-16T04:25:27 map[name:[gf7/P1090540-v2.jpg]]
/images    281.175µs 2025-03-16T04:25:27 map[name:[gf7/P1090502-v2.jpg]]
/images    322.884µs 2025-03-16T04:25:27 map[name:[gf7/P1060560-v2.jpg]]
/images   1.344575ms 2025-03-16T04:25:27 map[name:[gf7/P1090276-v2.jpg]]
/images    872.092µs 2025-03-16T04:25:27 map[name:[gf7/P1050977-v2.jpg]]
/images   1.255095ms 2025-03-16T04:25:27 map[name:[gf7/P1050529-v2.jpg]]
/images    616.988µs 2025-03-16T04:25:27 map[name:[gf7/P1060310-v2.jpg]]
/images    825.199µs 2025-03-16T04:25:27 map[name:[gf7/P1090302-v2.jpg]]
/images    971.991µs 2025-03-16T04:25:27 map[name:[gf7/P1050466-v2.jpg]]
/images    280.997µs 2025-03-16T04:25:27 map[name:[gf7/P1050961-v2.jpg]]
/images    351.482µs 2025-03-16T04:25:27 map[name:[gf7/P1060139-v2.jpg]]
/images   1.101675ms 2025-03-16T04:25:27 map[name:[gf7/P1060062-v2.jpg]]
/images    687.315µs 2025-03-16T04:25:27 map[name:[gf7/P1050738-v2.jpg]]
/images   1.133461ms 2025-03-16T04:25:27 map[name:[gf7/P1060510-v2.jpg]]
/images    279.211µs 2025-03-16T04:25:27 map[name:[gf7/P1040948-v2.jpg]]
/images    219.654µs 2025-03-16T04:25:27 map[name:[gf7/P1060193-v2.jpg]]
/images    456.627µs 2025-03-16T04:25:27 map[name:[gf7/P1060496-v2.jpg]]
/images   1.139825ms 2025-03-16T04:25:27 map[name:[gf7/P1060051-v2.jpg]]
/images    326.241µs 2025-03-16T04:25:27 map[name:[gf7/P1050599-v2.jpg]]
/images    174.528µs 2025-03-16T04:25:27 map[name:[gf7/P1050130-v2.jpg]]
/images   3.196603ms 2025-03-16T04:25:27 map[name:[gf7/P1060106-v2.jpg]]
/images    309.244µs 2025-03-16T04:25:27 map[name:[gf7/P1050595-v2.jpg]]
/images    590.009µs 2025-03-16T04:25:27 map[name:[gf7/P1060427-v2.jpg]]
/images     804.08µs 2025-03-16T04:25:27 map[name:[gf7/P1050647-Enhanced-NR-v2.jpg]]
/images    473.025µs 2025-03-16T04:25:27 map[name:[gf7/P1050056-Enhanced-NR-v2.jpg]]
/images    466.219µs 2025-03-16T04:25:27 map[name:[gf7/P1050724-v2.jpg]]
/images    228.046µs 2025-03-16T04:25:27 map[name:[gf7/P1050120-v2.jpg]]
/images   7.301796ms 2025-03-16T04:25:27 map[name:[gf7/P1050642-v2.jpg]]
/images   3.759164ms 2025-03-16T04:25:27 map[name:[gf7/P1050903-v2.jpg]]
/images     983.96µs 2025-03-16T04:25:27 map[name:[gf7/P1090289-v2.jpg]]
/images    868.014µs 2025-03-16T04:25:27 map[name:[gf7/P1040854-v2-v2.jpg]]
/images    746.107µs 2025-03-16T04:25:27 map[name:[gf7/P1040985-v2.jpg]]
/images   1.980375ms 2025-03-16T04:25:27 map[name:[gf7/P1090600-v2.jpg]]
/images    323.924µs 2025-03-16T04:25:27 map[name:[gf7/P1060545-v2.jpg]]
/images    280.218µs 2025-03-16T04:25:27 map[name:[gf7/P1050762-v2.jpg]]
/images   1.233081ms 2025-03-16T04:25:27 map[name:[gf7/P1050939-v2.jpg]]
/images    424.681µs 2025-03-16T04:25:27 map[name:[gf7/P1060379-v2.jpg]]
/images   2.425147ms 2025-03-16T04:25:27 map[name:[gf7/P1070957-v2.jpg]]
/images   2.568304ms 2025-03-16T04:25:27 map[name:[gf7/P1050612-v2.jpg]]
/images    319.706µs 2025-03-16T04:25:27 map[name:[gf7/P1060230-v2.jpg]]
/images   1.381392ms 2025-03-16T04:25:27 map[name:[gf7/P1050706-v2.jpg]]
/images      185.3µs 2025-03-16T04:25:27 map[name:[gf7/P1050569-v2.jpg]]
/images    116.318µs 2025-03-16T04:25:27 map[name:[gf7/P1050830-v2.jpg]]
/images    978.971µs 2025-03-16T04:25:27 map[name:[gf7/P1090298-v2.jpg]]
/images   1.829729ms 2025-03-16T04:25:27 map[name:[gf7/P1050731-v2.jpg]]
/images    324.902µs 2025-03-16T04:25:27 map[name:[gf7/P1040765-v2-v2.jpg]]
/images    501.768µs 2025-03-16T04:25:27 map[name:[gf7/P1040839-v2-v2.jpg]]
/images    747.488µs 2025-03-16T04:25:27 map[name:[gf7/P1040743-v2-v2.jpg]]
/images    779.636µs 2025-03-16T04:25:27 map[name:[gf7/P1090307-v2.jpg]]
/images   1.078226ms 2025-03-16T04:25:27 map[name:[gf7/P1040614-v2-v2.jpg]]
/images    719.354µs 2025-03-16T04:25:27 map[name:[gf7/P1040870-v2-v2.jpg]]
/images    937.582µs 2025-03-16T04:25:27 map[name:[gf7/P1040559-v2-v2.jpg]]
/images   2.555498ms 2025-03-16T04:25:27 map[name:[gf7/P1040804-Enhanced-NR-v2-v2.jpg]]
/images   2.545654ms 2025-03-16T04:25:27 map[name:[gf7/P1040526-v2-v2.jpg]]
/images   2.995745ms 2025-03-16T04:25:27 map[name:[gf7/P1040578-v2-v2.jpg]]
/images     700.06µs 2025-03-16T04:25:27 map[name:[gf7/P1040936-v2.jpg]]
/images    771.091µs 2025-03-16T04:25:27 map[name:[gf7/P1040545-v2-v2.jpg]]
/images    694.613µs 2025-03-16T04:25:27 map[name:[gf7/P1040112-v2.jpg]]
/images   1.555465ms 2025-03-16T04:25:27 map[name:[gf7/P1020615-v2.jpg]]
/images    352.769µs 2025-03-16T04:25:27 map[name:[gf7/P1030093-v2.jpg]]
/images   1.975165ms 2025-03-16T04:25:27 map[name:[gf7/P1020482-v2.jpg]]
/images    827.314µs 2025-03-16T04:25:27 map[name:[gf7/P1020507-v2.jpg]]
/images    930.488µs 2025-03-16T04:25:27 map[name:[gf7/P1030034-v2.jpg]]
/images    221.168µs 2025-03-16T04:25:27 map[name:[gf7/P1030173-v2.jpg]]
/images   2.701262ms 2025-03-16T04:25:27 map[name:[gf7/P1040488-v2-v2.jpg]]
/images    560.546µs 2025-03-16T04:25:27 map[name:[gf7/P1020333-v2.jpg]]
/images    969.442µs 2025-03-16T04:25:27 map[name:[gf7/P1020243-Enhanced-NR-v2.jpg]]
/images   4.792423ms 2025-03-16T04:25:27 map[name:[gf7/P1040419-v2-v2.jpg]]
/images   2.400041ms 2025-03-16T04:25:27 map[name:[gf7/P1030210-v2.jpg]]
/images   4.056032ms 2025-03-16T04:25:27 map[name:[gf7/P1040468-v2-v2.jpg]]
/images   3.553514ms 2025-03-16T04:25:27 map[name:[gf7/P1030242-v2.jpg]]
/images   1.872747ms 2025-03-16T04:25:27 map[name:[gf7/P1030995-Enhanced-NR-v2.jpg]]
/images   2.523823ms 2025-03-16T04:25:27 map[name:[gf7/P1020463-v2.jpg]]
/images    248.103µs 2025-03-16T04:25:27 map[name:[gf7/P1050933-v2.jpg]]
/images    776.604µs 2025-03-16T04:25:27 map[name:[gf7/P1060403-v2.jpg]]
/images    363.292µs 2025-03-16T04:25:27 map[name:[gf7/P1020104-v2.jpg]]
/images    258.918µs 2025-03-16T04:25:27 map[name:[gf7/P1060487-v2.jpg]]
/images    238.632µs 2025-03-16T04:25:27 map[name:[gf7/P1060504-v2.jpg]]
/images    825.252µs 2025-03-16T04:25:27 map[name:[gf7/P1060300-v2.jpg]]
/images    818.717µs 2025-03-16T04:25:27 map[name:[gf7/P1060535-v2.jpg]]
/images    978.116µs 2025-03-16T04:25:27 map[name:[gf7/P1090264-v2.jpg]]
/images   1.350542ms 2025-03-16T04:25:27 map[name:[gf7/P1090561-v2.jpg]]
/images    647.898µs 2025-03-16T04:25:27 map[name:[gf7/P1060376-v2.jpg]]
/images   1.558216ms 2025-03-16T04:25:27 map[name:[gf7/P1050868-v2.jpg]]
/images     749.94µs 2025-03-16T04:25:27 map[name:[gf7/P1060059-v2.jpg]]
/images   1.899263ms 2025-03-16T04:25:27 map[name:[gf7/P1060127-v2.jpg]]
/images   1.127456ms 2025-03-16T04:25:27 map[name:[gf7/P1050792-v2.jpg]]
/images    831.234µs 2025-03-16T04:25:27 map[name:[gf7/P1060005-v2.jpg]]
/images    677.314µs 2025-03-16T04:25:27 map[name:[gf7/P1060079-v2.jpg]]
/images      266.2µs 2025-03-16T04:25:27 map[name:[gf7/P1050728-v2.jpg]]
/images    847.217µs 2025-03-16T04:25:27 map[name:[gf7/P1050602-v2.jpg]]
/images    474.932µs 2025-03-16T04:25:27 map[name:[gf7/P1050718-v2.jpg]]
/images   1.055158ms 2025-03-16T04:25:27 map[name:[gf7/P1050092-v2.jpg]]
/images    556.034µs 2025-03-16T04:25:27 map[name:[gf7/P1050561-v2.jpg]]
/images   1.157558ms 2025-03-16T04:25:27 map[name:[gf7/P1040969-v2.jpg]]
/images    614.789µs 2025-03-16T04:25:27 map[name:[gf7/P1050591-v2.jpg]]
/images   1.000003ms 2025-03-16T04:25:27 map[name:[gf7/P1050636-v2.jpg]]
/images   1.974096ms 2025-03-16T04:25:27 map[name:[gf7/P1050736-v2.jpg]]
/images   2.441132ms 2025-03-16T04:25:27 map[name:[gf7/P1050761-v2.jpg]]
/images   1.479574ms 2025-03-16T04:25:27 map[name:[gf7/P1050697-v2.jpg]]
/images    386.515µs 2025-03-16T04:25:27 map[name:[gf7/P1050133-v2.jpg]]
/images    468.848µs 2025-03-16T04:25:27 map[name:[gf7/P1040938-v2.jpg]]
/images    232.823µs 2025-03-16T04:25:27 map[name:[gf7/P1050515-v2.jpg]]
/images      335.9µs 2025-03-16T04:25:27 map[name:[gf7/P1050049-v2.jpg]]
/images    269.663µs 2025-03-16T04:25:27 map[name:[gf7/P1040910-v2-v2.jpg]]
/images    333.098µs 2025-03-16T04:25:27 map[name:[gf7/P1040862-v2-v2.jpg]]
/images   1.159562ms 2025-03-16T04:25:27 map[name:[gf7/P1040849-v2-v2.jpg]]
/images   1.185213ms 2025-03-16T04:25:27 map[name:[gf7/P1040833-Enhanced-NR-v2-v2.jpg]]
/images   1.796405ms 2025-03-16T04:25:27 map[name:[gf7/P1040607-v2-v2.jpg]]
/images   3.128971ms 2025-03-16T04:25:27 map[name:[gf7/P1040513-v2-v2.jpg]]
/images   1.711357ms 2025-03-16T04:25:27 map[name:[gf7/P1040748-v2-v2.jpg]]
/images   1.045348ms 2025-03-16T04:25:27 map[name:[gf7/P1040742-v2-v2.jpg]]
/images    955.412µs 2025-03-16T04:25:27 map[name:[gf7/P1060557-v2.jpg]]
/images   2.766663ms 2025-03-16T04:25:27 map[name:[gf7/P1040536-v2-v2.jpg]]
/images    2.68945ms 2025-03-16T04:25:27 map[name:[gf7/P1060272-v2.jpg]]
/images   2.132303ms 2025-03-16T04:25:27 map[name:[gf7/P1030964-v2.jpg]]
/images   1.931682ms 2025-03-16T04:25:27 map[name:[gf7/P1060513-v2.jpg]]
/images    467.796µs 2025-03-16T04:25:27 map[name:[gf7/P1060502-v2.jpg]]
/images    992.534µs 2025-03-16T04:25:27 map[name:[gf7/P1030192-v2.jpg]]
/images    438.945µs 2025-03-16T04:25:27 map[name:[gf7/P1030144-v2.jpg]]
/images    364.333µs 2025-03-16T04:25:27 map[name:[gf7/P1060451-v2.jpg]]
/images    309.644µs 2025-03-16T04:25:27 map[name:[gf7/P1060396-Enhanced-NR-v2.jpg]]
/images    506.108µs 2025-03-16T04:25:27 map[name:[gf7/P1060324-v2.jpg]]
/images    7.63513ms 2025-03-16T04:25:27 map[name:[gf7/P1040553-v2-v2.jpg]]
/images    482.251µs 2025-03-16T04:25:27 map[name:[gf7/P1040565-2-v2-v2.jpg]]
/images   1.105628ms 2025-03-16T04:25:27 map[name:[gf7/P1020567-v2.jpg]]
/images   8.350886ms 2025-03-16T04:25:27 map[name:[gf7/P1040480-v2-v2.jpg]]
/images     559.95µs 2025-03-16T04:25:27 map[name:[gf7/P1060113-v2.jpg]]
/images   1.654763ms 2025-03-16T04:25:27 map[name:[gf7/P1090248-v2.jpg]]
/images   1.064995ms 2025-03-16T04:25:27 map[name:[gf7/P1040458-v2-v2.jpg]]
/images    870.837µs 2025-03-16T04:25:27 map[name:[gf7/P1020506-v2.jpg]]
/images  10.679615ms 2025-03-16T04:25:27 map[name:[gf7/P1040799-v2-v2.jpg]]
/images   2.750979ms 2025-03-16T04:25:27 map[name:[gf7/P1030021-v2.jpg]]
/images    592.518µs 2025-03-16T04:25:27 map[name:[gf7/P1020477-2-Enhanced-NR-v2.jpg]]
/images    547.186µs 2025-03-16T04:25:27 map[name:[gf7/P1060077-v2.jpg]]
/images    390.417µs 2025-03-16T04:25:27 map[name:[gf7/P1040410-v2-v2.jpg]]
/images   1.109419ms 2025-03-16T04:25:27 map[name:[gf7/P1020458-Enhanced-NR-v2.jpg]]
/images      231.2µs 2025-03-16T04:25:27 map[name:[gf7/P1030069-v2.jpg]]
/images    684.322µs 2025-03-16T04:25:27 map[name:[gf7/P1040006-v2.jpg]]
/images   1.000949ms 2025-03-16T04:25:27 map[name:[gf7/P1020235-Enhanced-NR-v2.jpg]]
/images    8.16879ms 2025-03-16T04:25:27 map[name:[gf7/P1030239-v2.jpg]]
/images    840.794µs 2025-03-16T04:25:27 map[name:[gf7/P1090583-v2.jpg]]
/images    882.787µs 2025-03-16T04:25:27 map[name:[gf7/P1060053-v2.jpg]]
/images    918.689µs 2025-03-16T04:25:27 map[name:[gf7/P1050997-v2.jpg]]
/images   3.821162ms 2025-03-16T04:25:27 map[name:[gf7/P1060183-v2.jpg]]
/images   2.517539ms 2025-03-16T04:25:27 map[name:[gf7/P1020295-v2.jpg]]
/images    484.228µs 2025-03-16T04:25:27 map[name:[gf7/P1050708-v2.jpg]]
/images    453.602µs 2025-03-16T04:25:27 map[name:[gf7/P1040477-v2-v2.jpg]]
/images   1.712281ms 2025-03-16T04:25:27 map[name:[gf7/P1050770-v2.jpg]]
/images    525.204µs 2025-03-16T04:25:27 map[name:[gf7/P1050588-v2.jpg]]
/images   1.446897ms 2025-03-16T04:25:27 map[name:[gf7/P1040550-v2-v2.jpg]]
/images    824.593µs 2025-03-16T04:25:27 map[name:[gf7/P1040986-v2.jpg]]
/images   1.484438ms 2025-03-16T04:25:27 map[name:[gf7/P1050534-v2.jpg]]
/images    512.262µs 2025-03-16T04:25:27 map[name:[gf7/P1050753-v2.jpg]]
/images    440.442µs 2025-03-16T04:25:27 map[name:[gf7/P1040964-Enhanced-NR-v2.jpg]]
/images    404.919µs 2025-03-16T04:25:27 map[name:[gf7/P1040619-v2-v2.jpg]]
/images    698.247µs 2025-03-16T04:25:27 map[name:[gf7/P1040886-v2-v2.jpg]]
/images      263.2µs 2025-03-16T04:25:27 map[name:[gf7/P1050725-v2.jpg]]
/images   1.916481ms 2025-03-16T04:25:27 map[name:[gf7/P1050733-v2.jpg]]
/images   2.105567ms 2025-03-16T04:25:27 map[name:[gf7/P1040937-v2.jpg]]
/images   3.771415ms 2025-03-16T04:25:27 map[name:[gf7/P1040745-v2-v2.jpg]]
/images   1.558376ms 2025-03-16T04:25:27 map[name:[gf7/P1040599-v2-v2.jpg]]
/images    965.769µs 2025-03-16T04:25:27 map[name:[gf7/P1050626-v2.jpg]]
/images    219.323µs 2025-03-16T04:25:27 map[name:[gf7/P1040859-v2-v2.jpg]]
/images    700.707µs 2025-03-16T04:25:27 map[name:[gf7/P1050470-v2.jpg]]
/images    682.945µs 2025-03-16T04:25:27 map[name:[gf7/P1020127-Enhanced-NR-v2.jpg]]
/images    267.192µs 2025-03-16T04:25:27 map[name:[gf7/P1040844-v2-v2.jpg]]
/images    260.649µs 2025-03-16T04:25:27 map[name:[gf7/P1030139-v2.jpg]]
/images    659.366µs 2025-03-16T04:25:27 map[name:[gf7/P1050946-v2.jpg]]
/images    366.715µs 2025-03-16T04:25:27 map[name:[gf7/P1020277-v2.jpg]]
/images    485.627µs 2025-03-16T04:25:27 map[name:[gf7/P1040403-v2-v2.jpg]]
/images    528.608µs 2025-03-16T04:25:27 map[name:[gf7/P1050912-v2.jpg]]
/images    335.767µs 2025-03-16T04:25:27 map[name:[gf7/P1030065-v2.jpg]]
/images    431.715µs 2025-03-16T04:25:27 map[name:[gf7/P1040005-v2.jpg]]
/images    937.593µs 2025-03-16T04:25:27 map[name:[gf7/P1020499-v2.jpg]]
/images    225.642µs 2025-03-16T04:25:27 map[name:[gf7/P1050849-v2.jpg]]
/images    370.185µs 2025-03-16T04:25:27 map[name:[gf7/P1030424-v2.jpg]]
/images    673.866µs 2025-03-16T04:25:27 map[name:[gf7/P1020760-v2.jpg]]
/images   1.517678ms 2025-03-16T04:25:27 map[name:[gf7/P1040423-v2-v2.jpg]]
/images    230.017µs 2025-03-16T04:25:27 map[name:[gf7/P1050090-v2.jpg]]
/images    236.471µs 2025-03-16T04:25:27 map[name:[gf7/P1020407-v2.jpg]]
/images      274.6µs 2025-03-16T04:25:27 map[name:[gf7/P1040782-v2.jpg]]
/images  10.815717ms 2025-03-16T04:25:27 map[name:[gf7/P1040562-v2-v2.jpg]]
/images   1.268984ms 2025-03-16T04:25:27 map[name:[gf7/P1040530-v2-v2.jpg]]
/images   1.481747ms 2025-03-16T04:25:27 map[name:[gf7/P1020543-v2.jpg]]
/images   2.239664ms 2025-03-16T04:25:27 map[name:[gf7/P1040504-v2-v2.jpg]]
/images   1.115303ms 2025-03-16T04:25:27 map[name:[gf7/P1030187-v2.jpg]]
/images   4.286284ms 2025-03-16T04:25:27 map[name:[gf7/P1020475-v2.jpg]]
/images    458.125µs 2025-03-16T04:25:27 map[name:[gf7/P1040806-v2-v2.jpg]]
/images   1.465831ms 2025-03-16T04:25:27 map[name:[gf7/P1030217-v2.jpg]]
cpu: 4, goroutines: 192, mem: 81.24 mb, mallocs: 131592
cpu: 1.62% [cores: 1.45%, 1.83%, 1.61%, 1.53%]
mem: 12.00%
cpu: 4, goroutines: 174, mem: 81.27 mb, mallocs: 131764
cpu: 2.35% [cores: 2.11%, 2.40%, 2.41%, 2.51%]
mem: 11.96%
